Build started 9/12/2014 7:47:33 AM.
     1>Project "D:\CloudDrive\SyncFolder\Futures\Code\TryCpp\TryCpp\TryCpp.vcxproj" on node 2 (build target(s)).
     1>InitializeBuildStatus:
         Creating "Debug\TryCpp.unsuccessfulbuild" because "AlwaysCreate" was specified.
       ClCompile:
         All outputs are up-to-date.
         d:\Program Files (x86)\Microsoft Visual Studio 10.0\VC\bin\CL.exe /c /ZI /nologo /W3 /WX- /Od /Oy- /D WIN32 /D _DEBUG /D _CONSOLE /D _UNICODE /D UNICODE /Gm /EHsc /RTC1 /MDd /GS /fp:precise /Zc:wchar_t /Zc:forScope /Yu"StdAfx.h" /Fp"Debug\TryCpp.pch" /Fo"Debug\\" /Fd"Debug\vc100.pdb" /Gd /TP /analyze- /errorReport:prompt Derived.cpp TryCpp.cpp
         Derived.cpp
         Generating Code...
         Compiling...
         TryCpp.cpp
     1>d:\clouddrive\syncfolder\futures\code\trycpp\trycpp\trycpp.cpp(24): warning C4996: 'strncpy': This function or variable may be unsafe. Consider using strncpy_s instead. To disable deprecation, use _CRT_SECURE_NO_WARNINGS. See online help for details.
                 d:\program files (x86)\microsoft visual studio 10.0\vc\include\string.h(188) : see declaration of 'strncpy'
     1>d:\clouddrive\syncfolder\futures\code\trycpp\trycpp\trycpp.cpp(22): warning C4101: 'abc' : unreferenced local variable
         Generating Code...
       ManifestResourceCompile:
         All outputs are up-to-date.
       Link:
         d:\Program Files (x86)\Microsoft Visual Studio 10.0\VC\bin\link.exe /ERRORREPORT:PROMPT /OUT:"D:\CloudDrive\SyncFolder\Futures\Code\TryCpp\Debug\TryCpp.exe" /INCREMENTAL /NOLOGO kernel32.lib user32.lib gdi32.lib winspool.lib comdlg32.lib advapi32.lib shell32.lib ole32.lib oleaut32.lib uuid.lib odbc32.lib odbccp32.lib /MANIFEST /ManifestFile:"Debug\TryCpp.exe.intermediate.manifest" /MANIFESTUAC:"level='asInvoker' uiAccess='false'" /DEBUG /PDB:"D:\CloudDrive\SyncFolder\Futures\Code\TryCpp\Debug\TryCpp.pdb" /SUBSYSTEM:CONSOLE /TLBID:1 /DYNAMICBASE /NXCOMPAT /IMPLIB:"D:\CloudDrive\SyncFolder\Futures\Code\TryCpp\Debug\TryCpp.lib" /MACHINE:X86 Debug\TryCpp.exe.embed.manifest.res
         Debug\Derived.obj
         Debug\stdafx.obj
         Debug\TryCpp.obj
       Manifest:
         C:\Program Files (x86)\Microsoft SDKs\Windows\v7.0A\bin\mt.exe /nologo /verbose /out:"Debug\TryCpp.exe.embed.manifest" /manifest Debug\TryCpp.exe.intermediate.manifest
         All outputs are up-to-date.
       LinkEmbedManifest:
         All outputs are up-to-date.
         TryCpp.vcxproj -> D:\CloudDrive\SyncFolder\Futures\Code\TryCpp\Debug\TryCpp.exe
       FinalizeBuildStatus:
         Deleting file "Debug\TryCpp.unsuccessfulbuild".
         Touching "Debug\TryCpp.lastbuildstate".
     1>Done Building Project "D:\CloudDrive\SyncFolder\Futures\Code\TryCpp\TryCpp\TryCpp.vcxproj" (build target(s)).

Build succeeded.

Time Elapsed 00:00:01.65
