Build started 9/4/2014 7:12:46 AM.
     1>Project "D:\CloudDrive\SyncFolder\Futures\Code\TryCpp\TryCpp\TryCpp.vcxproj" on node 2 (build target(s)).
     1>InitializeBuildStatus:
         Creating "Release\TryCpp.unsuccessfulbuild" because "AlwaysCreate" was specified.
       ClCompile:
         All outputs are up-to-date.
         d:\Program Files (x86)\Microsoft Visual Studio 10.0\VC\bin\CL.exe /c /Zi /nologo /W3 /WX- /O2 /Oi /Oy- /GL /D WIN32 /D NDEBUG /D _CONSOLE /D _UNICODE /D UNICODE /Gm- /EHsc /MD /GS /Gy /fp:precise /Zc:wchar_t /Zc:forScope /Yu"StdAfx.h" /Fp"Release\TryCpp.pch" /Fo"Release\\" /Fd"Release\vc100.pdb" /Gd /TP /analyze- /errorReport:prompt TryCpp.cpp
         TryCpp.cpp
     1>TryCpp.cpp(24): warning C4996: 'strncpy': This function or variable may be unsafe. Consider using strncpy_s instead. To disable deprecation, use _CRT_SECURE_NO_WARNINGS. See online help for details.
                 d:\Program Files (x86)\Microsoft Visual Studio 10.0\VC\include\string.h(188) : see declaration of 'strncpy'
       Link:
         d:\Program Files (x86)\Microsoft Visual Studio 10.0\VC\bin\link.exe /ERRORREPORT:PROMPT /OUT:"D:\CloudDrive\SyncFolder\Futures\Code\TryCpp\Release\TryCpp.exe" /INCREMENTAL:NO /NOLOGO kernel32.lib user32.lib gdi32.lib winspool.lib comdlg32.lib advapi32.lib shell32.lib ole32.lib oleaut32.lib uuid.lib odbc32.lib odbccp32.lib /MANIFEST /ManifestFile:"Release\TryCpp.exe.intermediate.manifest" /MANIFESTUAC:"level='asInvoker' uiAccess='false'" /DEBUG /PDB:"D:\CloudDrive\SyncFolder\Futures\Code\TryCpp\Release\TryCpp.pdb" /SUBSYSTEM:CONSOLE /OPT:REF /OPT:ICF /LTCG /TLBID:1 /DYNAMICBASE /NXCOMPAT /IMPLIB:"D:\CloudDrive\SyncFolder\Futures\Code\TryCpp\Release\TryCpp.lib" /MACHINE:X86 Release\Derived.obj
         Release\stdafx.obj
         Release\TryCpp.obj
         Generating code
         Finished generating code
         TryCpp.vcxproj -> D:\CloudDrive\SyncFolder\Futures\Code\TryCpp\Release\TryCpp.exe
       Manifest:
         C:\Program Files (x86)\Microsoft SDKs\Windows\v7.0A\bin\mt.exe /nologo /verbose /outputresource:"D:\CloudDrive\SyncFolder\Futures\Code\TryCpp\Release\TryCpp.exe;#1" /manifest Release\TryCpp.exe.intermediate.manifest
       FinalizeBuildStatus:
         Deleting file "Release\TryCpp.unsuccessfulbuild".
         Touching "Release\TryCpp.lastbuildstate".
     1>Done Building Project "D:\CloudDrive\SyncFolder\Futures\Code\TryCpp\TryCpp\TryCpp.vcxproj" (build target(s)).

Build succeeded.

Time Elapsed 00:00:01.49
